[INFO] Scanning for projects...
[INFO] 
[INFO] ---------------------< com.university:swap-system >---------------------
[INFO] Building swap-system 0.0.1-SNAPSHOT
[INFO]   from pom.xml
[INFO] --------------------------------[ jar ]---------------------------------
[INFO] 
[INFO] >>> spring-boot:3.2.0:run (default-cli) > test-compile @ swap-system >>>
[INFO] 
[INFO] --- resources:3.3.1:resources (default-resources) @ swap-system ---
[INFO] Copying 1 resource from src\main\resources to target\classes
[INFO] Copying 0 resource from src\main\resources to target\classes
[INFO] 
[INFO] --- compiler:3.11.0:compile (default-compile) @ swap-system ---
[INFO] Nothing to compile - all classes are up to date
[INFO] 
[INFO] --- resources:3.3.1:testResources (default-testResources) @ swap-system ---
[INFO] skip non existing resourceDirectory C:\Users\Mohammad Shenaiwer\OneDrive\Desktop\main\attack on capstone\my final part\uniswap\src\test\resources
[INFO] 
[INFO] --- compiler:3.11.0:testCompile (default-testCompile) @ swap-system ---
[INFO] No sources to compile
[INFO] 
[INFO] <<< spring-boot:3.2.0:run (default-cli) < test-compile @ swap-system <<<
[INFO] 
[INFO] 
[INFO] --- spring-boot:3.2.0:run (default-cli) @ swap-system ---
[INFO] Attaching agents: []

  .   ____          _            __ _ _
 /\\ / ___'_ __ _ _(_)_ __  __ _ \ \ \ \
( ( )\___ | '_ | '_| | '_ \/ _` | \ \ \ \
 \\/  ___)| |_)| | | | | || (_| |  ) ) ) )
  '  |____| .__|_| |_|_| |_\__, | / / / /
 =========|_|==============|___/=/_/_/_/
 :: Spring Boot ::                (v3.2.0)

2026-04-01T15:04:48.652+03:00  INFO 37396 --- [swap-system] [           main] c.university.swap.SwapSystemApplication  : Starting SwapSystemApplication using Java 17.0.18 with PID 37396 (C:\Users\Mohammad Shenaiwer\OneDrive\Desktop\main\attack on capstone\my final part\uniswap\target\classes started by Mohammad Shenaiwer in C:\Users\Mohammad Shenaiwer\OneDrive\Desktop\main\attack on capstone\my final part\uniswap)
2026-04-01T15:04:48.655+03:00  INFO 37396 --- [swap-system] [           main] c.university.swap.SwapSystemApplication  : No active profile set, falling back to 1 default profile: "default"
2026-04-01T15:04:48.991+03:00  INFO 37396 --- [swap-system] [           main] .s.d.r.c.RepositoryConfigurationDelegate : Bootstrapping Spring Data JPA repositories in DEFAULT mode.
2026-04-01T15:04:49.034+03:00  INFO 37396 --- [swap-system] [           main] .s.d.r.c.RepositoryConfigurationDelegate : Finished Spring Data repository scanning in 38 ms. Found 7 JPA repository interfaces.
2026-04-01T15:04:49.358+03:00  INFO 37396 --- [swap-system] [           main] o.s.b.w.embedded.tomcat.TomcatWebServer  : Tomcat initialized with port 8080 (http)
2026-04-01T15:04:49.365+03:00  INFO 37396 --- [swap-system] [           main] o.apache.catalina.core.StandardService   : Starting service [Tomcat]
2026-04-01T15:04:49.365+03:00  INFO 37396 --- [swap-system] [           main] o.apache.catalina.core.StandardEngine    : Starting Servlet engine: [Apache Tomcat/10.1.16]
2026-04-01T15:04:49.408+03:00  INFO 37396 --- [swap-system] [           main] o.a.c.c.C.[Tomcat].[localhost].[/]       : Initializing Spring embedded WebApplicationContext
2026-04-01T15:04:49.409+03:00  INFO 37396 --- [swap-system] [           main] w.s.c.ServletWebServerApplicationContext : Root WebApplicationContext: initialization completed in 726 ms
2026-04-01T15:04:49.492+03:00  INFO 37396 --- [swap-system] [           main] o.hibernate.jpa.internal.util.LogHelper  : HHH000204: Processing PersistenceUnitInfo [name: default]
2026-04-01T15:04:49.523+03:00  INFO 37396 --- [swap-system] [           main] org.hibernate.Version                    : HHH000412: Hibernate ORM core version 6.3.1.Final
2026-04-01T15:04:49.544+03:00  INFO 37396 --- [swap-system] [           main] o.h.c.internal.RegionFactoryInitiator    : HHH000026: Second-level cache disabled
2026-04-01T15:04:49.672+03:00  INFO 37396 --- [swap-system] [           main] o.s.o.j.p.SpringPersistenceUnitInfo      : No LoadTimeWeaver setup: ignoring JPA class transformer
2026-04-01T15:04:49.688+03:00  INFO 37396 --- [swap-system] [           main] com.zaxxer.hikari.HikariDataSource       : HikariPool-1 - Starting...
2026-04-01T15:04:52.557+03:00  INFO 37396 --- [swap-system] [           main] com.zaxxer.hikari.pool.HikariPool        : HikariPool-1 - Added connection org.postgresql.jdbc.PgConnection@650a1aff
2026-04-01T15:04:52.558+03:00  INFO 37396 --- [swap-system] [           main] com.zaxxer.hikari.HikariDataSource       : HikariPool-1 - Start completed.
2026-04-01T15:04:52.854+03:00  WARN 37396 --- [swap-system] [           main] org.hibernate.orm.deprecation            : HHH90000025: PostgreSQLDialect does not need to be specified explicitly using 'hibernate.dialect' (remove the property setting and it will be selected by default)
2026-04-01T15:04:53.937+03:00  INFO 37396 --- [swap-system] [           main] o.h.e.t.j.p.i.JtaPlatformInitiator       : HHH000489: No JTA platform available (set 'hibernate.transaction.jta.platform' to enable JTA platform integration)
2026-04-01T15:05:07.801+03:00  INFO 37396 --- [swap-system] [           main] j.LocalContainerEntityManagerFactoryBean : Initialized JPA EntityManagerFactory for persistence unit 'default'
2026-04-01T15:05:07.940+03:00  INFO 37396 --- [swap-system] [           main] o.s.d.j.r.query.QueryEnhancerFactory     : Hibernate is in classpath; If applicable, HQL parser will be used.
2026-04-01T15:05:08.494+03:00  WARN 37396 --- [swap-system] [           main] JpaBaseConfiguration$JpaWebConfiguration : spring.jpa.open-in-view is enabled by default. Therefore, database queries may be performed during view rendering. Explicitly configure spring.jpa.open-in-view to disable this warning
2026-04-01T15:05:08.682+03:00  INFO 37396 --- [swap-system] [           main] o.s.b.w.embedded.tomcat.TomcatWebServer  : Tomcat started on port 8080 (http) with context path ''
2026-04-01T15:05:08.686+03:00  INFO 37396 --- [swap-system] [           main] c.university.swap.SwapSystemApplication  : Started SwapSystemApplication in 20.236 seconds (process running for 20.422)
Hibernate: 
    DELETE 
    FROM
        enrollments e 
    USING enrollments d WHERE
        e.enrollment_id > d.enrollment_id 
        AND e.student_id = d.student_id 
        AND e.section_id = d.section_id 
        AND UPPER(COALESCE(e.status, '')) = 'ACTIVE' 
        AND UPPER(COALESCE(d.status, '')) = 'ACTIVE'
